<?xml version="1.0" encoding="UTF-8"?>
<!-- Generated by org.testng.reporters.JUnitReportReporter -->
<testsuite hostname="pc-44.home" failures="0" tests="1" name="getAPI" time="3.200" errors="0" timestamp="2023-08-26T01:02:46 EEST" skipped="0">
  <testcase classname="getAPI" name="ListAPI" time="3.200"/>
  <system-out/>
</testsuite> <!-- getAPI -->
